<?xml version="1.0" encoding="UTF-8"?>
<!-- Generated by org.testng.reporters.JUnitReportReporter -->
<testsuite hostname="Talib" failures="0" tests="1" name="pageObjectModel.LoginTest" time="1.602" errors="0" timestamp="2024-11-24T09:30:23 IST" skipped="0">
  <testcase classname="pageObjectModel.LoginTest" name="testLogin" time="1.602"/>
</testsuite> <!-- pageObjectModel.LoginTest -->
