<?xml version="1.0" encoding="UTF-8"?>
<!-- Generated by org.testng.reporters.JUnitReportReporter -->
<testsuite hostname="Talib" failures="0" tests="2" name="screenshots.PartialScreensShots" time="9.607" errors="0" timestamp="2024-11-17T14:16:18 IST" skipped="1">
  <testcase classname="screenshots.PartialScreensShots" name="getFullScreenshot" time="9.607"/>
  <testcase classname="screenshots.PartialScreensShots" name="getPartialScreenshots">
    <skipped/>
  </testcase> <!-- getPartialScreenshots -->
</testsuite> <!-- screenshots.PartialScreensShots -->
