<?xml version="1.0" encoding="UTF-8"?>
<!-- Generated by org.testng.reporters.JUnitReportReporter -->
<testsuite hostname="Talib" failures="0" tests="4" name="actionClass.DemoActions" time="55.446" errors="0" timestamp="2024-11-17T10:03:40 IST" skipped="3">
  <testcase classname="actionClass.DemoActions" name="mouseHover" time="55.446"/>
  <testcase classname="actionClass.DemoActions" name="demoKeyboardAction">
    <skipped/>
  </testcase> <!-- demoKeyboardAction -->
  <testcase classname="actionClass.DemoActions" name="demoDragDrop">
    <skipped/>
  </testcase> <!-- demoDragDrop -->
  <testcase classname="actionClass.DemoActions" name="setUpdData">
    <skipped/>
  </testcase> <!-- setUpdData -->
</testsuite> <!-- actionClass.DemoActions -->
