<?xml version="1.0" encoding="UTF-8"?>
<!-- Generated by org.testng.reporters.JUnitReportReporter -->
<testsuite hostname="Talib" failures="0" tests="1" name="actionClass.DemoDoubleClick" time="8.250" errors="0" timestamp="2024-11-17T09:22:10 IST" skipped="0">
  <testcase classname="actionClass.DemoDoubleClick" name="setUpdData" time="8.250"/>
</testsuite> <!-- actionClass.DemoDoubleClick -->
