<?xml version="1.0" encoding="UTF-8"?>
<!-- Generated by org.testng.reporters.JUnitReportReporter -->
<testsuite hostname="Talib" failures="0" tests="9" name="parallelExecution.ParallelDemo" time="0.618" errors="0" timestamp="2024-11-23T21:12:03 IST" skipped="0">
  <testcase classname="parallelExecution.ParallelDemo" name="testUrl" time="0.049"/>
  <testcase classname="parallelExecution.ParallelDemo" name="testUrl" time="0.126"/>
  <testcase classname="parallelExecution.ParallelDemo" name="testUrl" time="0.007"/>
  <testcase classname="parallelExecution.ParallelDemo" name="testTitle" time="0.102"/>
  <testcase classname="parallelExecution.ParallelDemo" name="testTitle" time="0.013"/>
  <testcase classname="parallelExecution.ParallelDemo" name="testTitle" time="0.023"/>
  <testcase classname="parallelExecution.ParallelDemo" name="isRealyLoggedIn" time="0.081"/>
  <testcase classname="parallelExecution.ParallelDemo" name="isRealyLoggedIn" time="0.163"/>
  <testcase classname="parallelExecution.ParallelDemo" name="isRealyLoggedIn" time="0.054"/>
</testsuite> <!-- parallelExecution.ParallelDemo -->
