<?xml version="1.0" encoding="UTF-8"?>
<!-- Generated by org.testng.reporters.JUnitReportReporter -->
<testsuite hostname="Talib" failures="0" tests="1" name="alerts.Alertdemo" time="9.450" errors="0" timestamp="2024-11-24T20:24:07 IST" skipped="0">
  <testcase classname="alerts.Alertdemo" name="testAlert" time="9.450"/>
</testsuite> <!-- alerts.Alertdemo -->
