<?xml version="1.0" encoding="UTF-8"?>
<!-- Generated by org.testng.reporters.JUnitReportReporter -->
<testsuite hostname="Talib" failures="0" tests="5" name="basicAutomation.RemoteExecution" time="30.948" errors="0" timestamp="2024-12-08T12:31:53 IST" skipped="0">
  <testcase classname="basicAutomation.RemoteExecution" name="remoteDemo" time="5.913"/>
  <testcase classname="basicAutomation.RemoteExecution" name="remoteDemo" time="7.499"/>
  <testcase classname="basicAutomation.RemoteExecution" name="remoteDemo" time="5.628"/>
  <testcase classname="basicAutomation.RemoteExecution" name="remoteDemo" time="6.108"/>
  <testcase classname="basicAutomation.RemoteExecution" name="remoteDemo" time="5.800"/>
</testsuite> <!-- basicAutomation.RemoteExecution -->
