<?xml version="1.0" encoding="UTF-8"?>
<!-- Generated by org.testng.reporters.JUnitReportReporter -->
<testsuite hostname="Talib" failures="0" tests="1" name="basicAutomation.DynamicTable" time="14.928" errors="0" timestamp="2024-11-24T21:07:05 IST" skipped="0">
  <testcase classname="basicAutomation.DynamicTable" name="getTableData" time="14.928"/>
</testsuite> <!-- basicAutomation.DynamicTable -->
