<?xml version="1.0" encoding="UTF-8"?>
<!-- Generated by org.testng.reporters.JUnitReportReporter -->
<testsuite hostname="Talib" failures="0" tests="1" name="alerts.Notifications" time="12.272" errors="0" timestamp="2024-11-17T10:31:14 IST" skipped="0">
  <testcase classname="alerts.Notifications" name="disableNotification" time="12.272"/>
</testsuite> <!-- alerts.Notifications -->
