<?xml version="1.0" encoding="UTF-8"?>
<!-- Generated by org.testng.reporters.JUnitReportReporter -->
<testsuite hostname="Talib" failures="0" tests="1" name="basicAutomation.BrokenLinks1" time="91.010" errors="0" timestamp="2024-11-17T11:08:12 IST" skipped="0">
  <testcase classname="basicAutomation.BrokenLinks1" name="links" time="91.010"/>
</testsuite> <!-- basicAutomation.BrokenLinks1 -->
